EMPLOYEES.eid  EMPLOYEES.ename  EMPLOYEES.salary  CERTIFIED.eid  CERTIFIED.aid  
1592	amyruncqwckmoyk	2010	1592	2337	
1008	xshnnbiwwkpydhl	9388	1008	1451	
379	ybqvnawbdaqdsnd	4353	379	911	
19	zwqidcvzrxinwbv	8935	19	674	
84	ljcczxlqebfljaz	2069	84	1253	
351	zjbksmurhrzpwln	3462	351	1720	
1200	lkmedwcjvoqvmjl	864	1200	1794	
441	wffscfohunvzqtf	2622	441	2181	
270	ynflmufkbowdloi	6237	270	1574	
654	fjfcdstubpggutv	7186	654	700	
1330	xbmfqdvqjvbujdi	6108	1330	2173	
950	kgmsbjzvmfdnsee	4513	950	1163	
284	nyxfcaweevshswy	2924	284	801	
863	qxzghnwcmyucosh	1414	863	1737	
1176	thksbxajopelnaf	9454	1176	1528	
610	nafhrehgrqboeya	5525	610	2285	
587	wytiepxfslamghx	2515	587	1152	
800	invhufqusqufdcm	6915	800	513	
1171	voprocrwxpbvqnk	5606	1171	2069	
1339	pfuhmvnhnwocucl	4903	1339	2189	
165	nhhzkpjsnyaaxid	121	165	153	
1359	wrbcpnlxvtpepkc	4938	1359	1608	
903	xpkukgdyrgttuke	4692	903	1353	
484	ychvthsxeniikde	4187	484	2094	
159	enmoheakuntmxnw	3942	159	2322	
30	qzxbttbyfhhihje	6421	30	1549	
750	nhfmcasgsauyujj	6029	750	2381	
1625	fcvdmxqhlsjzptw	1347	1625	199	
1276	nxogsmqnloodqju	7726	1276	2441	
302	vnvnsyaiuwzphhf	229	302	977	
851	uwfpwkhszrtayxn	7620	851	1901	
175	jdyptdzccslgfoq	7160	175	172	
953	otfitvbvqxnehfm	6825	953	1507	
768	himojyfrwyzsmwq	3810	768	2345	
1255	bgbdnzczxrytidf	9277	1255	451	
832	zavkbtqhpgcllob	5756	832	371	
16	lpxjfbfuwamrnkl	751	16	2448	
138	fxyppysgeuuegng	788	138	1561	
923	bakmlgdzuazsqbg	9967	923	354	
496	undxazrivymuksc	5319	496	1358	
1398	gaitdeaihzebrtq	2761	1398	2186	
282	yuekeqrxdfsrmny	5206	282	126	
199	farfzrwcwjimozu	9057	199	1193	
152	umkclicnmqewgex	3109	152	935	
1073	qhazxtmnqpctcal	5762	1073	86	
972	nzxjedvqpaemsjt	834	972	1279	
667	cylithvoizjxana	6964	667	218	
892	humvbklzdzbjowm	7852	892	2006	
499	ubgvotsjlvhrkcv	2704	499	59	
1679	ynzqzorsrflermk	7211	1679	1095	
690	sxsyfhnnwsrrmkg	3752	690	959	
1581	wbkjpjcydwytlau	4525	1581	2085	
209	ffbqthguuppmjms	6171	209	1850	
1089	vpzpdtcyulfnylf	821	1089	1241	
261	majxjrxkbsnbgtx	4518	261	2036	
1119	vswflttrbksrrhg	3530	1119	1582	
385	rrzubassqmreyqo	9977	385	2208	
718	ksflxdsbrammngy	6559	718	61	
1323	owlcxthatfizvoc	3407	1323	871	
167	qwyidyxbmurafum	5552	167	438	
905	bhseqojmabmkluk	6302	905	1645	
547	maippyeffxjtcfp	1172	547	1543	
1490	ajvvitjwhttgdav	3511	1490	1999	
476	hnayzllwwleciby	6257	476	1042	
1343	mjnwtbzeizyxhys	6767	1343	2204	
942	whphsdxmpptrnhl	824	942	35	
188	qidzdyourrfzalo	2434	188	1229	
1364	mbhnqrtoioankpw	6060	1364	1675	
1403	zkabsbbtfmmkcvr	8414	1403	513	
231	yoalgqozwbmfcxo	6665	231	2055	
388	whgoqegcpvnjjal	4536	388	194	
783	dsumgnwgmsgarwd	5456	783	1422	
27	rdiitzolzzdoreh	3869	27	1850	
475	hmfakegbimcyybq	8158	475	516	
1114	krvmjfppcraqohb	6970	1114	1003	
939	elmoldcjhspzfhg	570	939	860	
189	atycqkxikpwnwcl	4784	189	2214	
12	aosmjwrgvgdmopj	4766	12	1833	
838	wkpvxeslrfjyuye	5396	838	1369	
144	uamrsjadnrccymp	9122	144	2397	
1336	moqwzjlfhesfgub	2602	1336	363	
171	xcjezzgjxsmqfaq	1430	171	1578	
865	okmurjnygggduba	3837	865	648	
576	sazckelriilieea	2861	576	152	
761	belwfxqlquhevlc	9286	761	800	
680	hwifzjgfjapwrnr	846	680	9	
81	fmgvwktmpwyecbj	5331	81	2314	
530	snsrutayircuisr	3286	530	972	
1055	iwvjaocdssvvnni	842	1055	1604	
1630	lwcqqjzuplaolnu	9909	1630	2169	
457	ojrovmdqtbpkhth	2210	457	883	
868	ilykpgpxhufsylw	1409	868	55	
945	pjhvjtrbczwolmr	3339	945	687	
728	bzzzynerfzhcigz	6760	728	851	
1407	mkznlzkxqpvqhns	4247	1407	1625	
651	jwninhuoyoinatb	7122	651	941	
176	zaitztibdyvrlgy	8715	176	1156	
1537	bxyoubhsckkryqm	2175	1537	490	
168	mknfolbzvjkkbwh	9712	168	222	
622	iibfccqpimrrdwy	7815	622	831	
755	ymneoenvukpqive	7536	755	1346	
107	uixknxjercndoha	7999	107	1847	
789	vbkcnlkjvnbjtef	2597	789	826	
1133	nipxlinbawfducg	7036	1133	2324	
1251	dvjzbdcjtmkszgg	357	1251	2105	
1589	bmvuauwcgulyrwe	2211	1589	685	
978	hoijyumwltasfwv	2812	978	2263	
902	svbmlpcnnxssnaf	2682	902	1320	
1462	lqjutsqbwlbkexj	3562	1462	2058	
313	qvgsghfafnokrbz	6408	313	862	
3	pndwyupwqqtykag	9325	3	620	
503	gsvqeibuphbqtwm	4932	503	162	
551	bssscmvlztwpdze	3514	551	1513	
948	tfvtoeykvsddpyx	9034	948	1476	
148	nrfsqhlxwuwcnfy	7590	148	137	
1498	utnzwldzcjvcjbp	3683	1498	410	
1225	bjhvyvbapjumwtv	162	1225	2243	
834	sovketnqjucwipp	9722	834	2363	
47	ryhgrpmvikspkcx	8650	47	2125	
1081	xkfdqxrdsessfwd	889	1081	1940	
1369	ainvkiarzqzltnp	1893	1369	1922	
236	rrfonfxsmzdkqtj	3938	236	1927	
143	dyuvriikvvwzkui	5311	143	2458	
1142	myocuyqhmkcybwr	5816	1142	1687	
961	jonubxxhznlskob	6704	961	1213	
1588	qibvhyjyiesxoxd	1006	1588	322	
1605	torkfducwwccvir	6600	1605	917	
1534	oaabddpbioeialv	7612	1534	1975	
1118	yfxhuzigtbryhme	1096	1118	170	
1241	rkztltbrglitaav	2659	1241	70	
1484	bavhocqvdksxmoz	9258	1484	2288	
1049	pzjeqilzdjbmfnu	8935	1049	2357	
675	ooazhamjxbfbbrr	9836	675	2273	
1163	aumqgdujbaoctwf	2237	1163	88	
4	drvufbpjttijnix	826	4	574	
48	tyzlcmwndmtbfqn	6804	48	2131	
956	kschxlqritwjlfr	5511	956	2348	
1469	klvcnfycttpcnav	2239	1469	975	
102	ooaznqqboyscpqw	4385	102	1363	
325	wdivapylgfmjcph	4350	325	403	
564	rokyhtdooudsnnj	3353	564	588	
1646	jpieaifnavunnnt	5942	1646	1659	
1273	jmyflabcakrstjs	9195	1273	634	
859	lvzpyrydrxvwejr	2325	859	2408	
1104	oyhtefmdxpvftxk	6858	1104	1147	
221	qyjaeyqktttccyd	4255	221	772	
847	rnwqmbmhrdnswjy	2970	847	417	
1056	cekpegnnhbjndgu	640	1056	1592	
1140	poijdfnhfgzxess	6552	1140	2081	
90	emutbsiyeoopnoi	6944	90	1576	
841	jmbpxgbmkscxzko	993	841	1777	
904	vuizeogqeaylyvb	5776	904	1774	
672	wsulwccgcwmzzil	3853	672	1556	
1077	umdahxkfiiabbzs	916	1077	1172	
765	efxjrulqbuqgxcu	2264	765	87	
464	iwzzwrywwtsaxgk	9464	464	2203	
1028	fnokjmxnmtfsemw	3920	1028	551	
567	fguijmznynwxzjr	3923	567	1010	
222	yucugxbuocmgmku	9150	222	2143	
993	dcpvekhqkxablgr	4709	993	2376	
1577	fhqfjdbtkguytbe	7297	1577	1398	
982	ghqdofjjuyqphys	4574	982	1097	
1159	srsbdgkwoqlffej	8649	1159	1629	
748	isjobrlyqgosgpt	2920	748	1306	
1018	swldoxwelduwjzd	1556	1018	1490	
827	nktgqsiuatumlwd	5499	827	944	
1640	prqvkhvsstlithf	7506	1640	1912	
849	bavrvnimsogowkd	2254	849	1450	
1373	mzixyxyhqcqoxet	8826	1373	2247	
2	libfsyvbrrkdvgf	2508	2	1015	
989	jpxakfgbenjfxmw	809	989	1378	
139	ooixrqiikmojpnk	4233	139	435	
1312	wlfgxnbqrfuwiid	6085	1312	2218	
1488	crdkhnbqdtltjvz	2336	1488	34	
1185	lnfnidefecwvwjz	4956	1185	25	
1671	csndmuayevcjwnd	837	1671	1562	
321	ahjlubvsgshbjfr	8139	321	1849	
58	gkwrxnfzentgviu	2538	58	1088	
134	yeqvpoiiurdnsaw	3215	134	2462	
130	eevuijwxzfptoms	6461	130	58	
1453	gpajpfgmjnvimtc	7310	1453	401	
435	gqaldpxwijyemwd	5534	435	172	
1687	qhnqklklgekkquc	4346	1687	10	
26	tjwvvxbyhbzcwvh	9545	26	2454	
455	qzinruymyfzslwd	2827	455	749	
1209	loolavsqnxpaxoz	3532	1209	7	
1627	bwafzojilgnguyf	4428	1627	2403	
241	lgvudoodsgxrnqf	3448	241	528	
23	sholsstlxdukkbm	4573	23	1939	
602	kulyfpwtmzujrhx	1586	602	1087	
1476	lydwbnniinuwczz	5214	1476	2008	
636	fgfpfyzzeiunuvh	3629	636	2229	
875	ntpmynsstnmpfak	590	875	1712	
239	sganxbonmarvfyo	4862	239	314	
1307	rrxaqtavmssxdql	1221	1307	186	
1651	iumjnnnhzwhzchk	7913	1651	301	
1662	hfoghpryvsxhxmw	3235	1662	165	
276	udzcxlwllhogvrb	1287	276	1189	
22	jxepjszqqvtfzvz	9588	22	2021	
1075	aovrpvzcdeefcin	5264	1075	219	
1366	eejkpdblbqboypl	2822	1366	1170	
1597	renssgqycensaot	3465	1597	991	
966	oinxxnrvulzfmxn	5124	966	2138	
1510	ysdaxnlksprezmp	5776	1510	850	
180	rsockrmlxfykpms	48	180	1938	
780	zvnaebmuymxxzph	1244	780	1690	
469	gjnorxmlzfctixc	8525	469	2265	
1216	txrnnjjoyvrkyle	6621	1216	1461	
1532	wjmfmmvyaiozlgx	6662	1532	484	
1558	owsdbvlmzohjboe	5488	1558	898	
1160	sedvlqgmkqsnwbq	8682	1160	1750	
575	umlksrihotnpozn	3370	575	2352	
1556	ytshjvwkrnhezie	6668	1556	1522	
1591	qvcutitbpfdscin	1871	1591	193	
955	ftfqtvnwiyyteog	5767	955	556	
32	xjaaodqyetvejkr	8804	32	455	
129	oipjfqkutseapta	6823	129	2218	
1001	narobuziokyrgot	7136	1001	1141	
770	smahtvcpawfhklq	8609	770	1341	
828	iyvgbbtoznixkae	2564	828	841	
561	xiogtgnllpjudhp	5781	561	2367	
1042	mogcezfttuxrkjd	3452	1042	1239	
566	tnextjnozlujbsa	3544	566	1550	
673	drqetemkmcpmbnm	422	673	2	
519	dpcannxktkvbkce	8402	519	1589	
1378	vhkfnofjljqanrs	2130	1378	262	
1422	bxfywgrepkjtzym	4544	1422	2301	
920	wdgnmhtsgpixtwd	451	920	1200	
410	gczsguryzlldoqg	8103	410	2312	
662	fwrvspgtfzpxobw	8217	662	2178	
514	ydsknjdefvbeqmd	5577	514	1760	
1074	cnaznvuqiupxemk	7863	1074	1434	
61	zxihwzasxmfcgmc	7202	61	841	
937	rtnsachzlzojdzo	6116	937	1810	
791	jmkripjeoidphys	4871	791	49	
1265	yaaejdkidvpophv	647	1265	42	
1546	xrvslhjgoiwipyx	9112	1546	1792	
570	etvtehgachfofqm	5293	570	2216	
258	brepbkadppnjxlq	8232	258	456	
386	almjvaersslxier	7814	386	281	
182	redflhvvtvwbkwf	4902	182	742	
1115	kezcdgcgbxqsvgt	2961	1115	898	
350	dsmloezbtchoduy	2500	350	2147	
1380	ilmsoagcgceljue	8052	1380	1946	
366	umekzvfmkhibput	7807	366	2461	
643	ybrtrrrrokqxyue	6895	643	437	
481	vlwnqdufbiewkjx	7560	481	183	
411	lncuxtfzhjgsynt	2743	411	1932	
746	yqsmkummytyxnks	8500	746	2174	
559	pcxowttxlefumvh	8902	559	803	
685	dyemqrwxazpoggf	3518	685	1806	
335	gceibbuizsnwaao	8534	335	177	
1647	dajjmwqhkrwgkvn	4065	1647	732	
1247	riaxixxwrxijamx	2829	1247	2310	
798	hvlxdhvoavtsdpy	3075	798	286	
163	uvpehgmzkpquown	9583	163	491	
899	fkccetlavwznowx	7599	899	2306	
53	ukxtgyudkkzbbve	5317	53	774	
696	geuwuoobtfyuqen	1168	696	397	
267	huzhinlhpggliwl	3740	267	1192	
807	jjdzpqvorbjlead	2575	807	1948	
468	gqkqemdhuhfusds	6809	468	1445	
658	lvbfjrbzuuxhkzi	3618	658	2470	
1549	qldwealqnmzbnyg	5985	1549	236	
319	ctmoomrrzwbdiqy	6363	319	91	
612	hztvbyzluvvmjbb	1913	612	1965	
1338	bohjlxakufomxng	2524	1338	1164	
1663	ipzhhqxttbgdqqo	9869	1663	1881	
1521	kdlyntfnhpjzwcr	533	1521	1204	
737	jagynjvfrzmjepp	5421	737	363	
265	rdytjmrixdfnmuh	1986	265	39	
431	kvknhesanbxzrlw	6122	431	2407	
128	ozlonjtkmptyuoe	7128	128	1107	
440	uixudupiqwwcuhd	1245	440	1209	
245	zboaeohcuiubedn	1960	245	1245	
1585	zowtxlncsurkxae	8728	1585	1195	
1334	hqdrabcjjfazfne	1715	1334	2367	
1164	dtlvacefqaoympi	6010	1164	2082	
1317	khsbegqhynhwhvs	3018	1317	1894	
1598	sajtcbfnkukhmbj	193	1598	65	
1410	kwwxxkcnwyrawnn	3369	1410	1850	
1394	oogzhmghslqfrui	5099	1394	2	
77	khodbdsvbcuhqfu	9874	77	1058	
1151	zdukfbwoamabblr	228	1151	2156	
355	izkermzatzflngi	9994	355	2046	
1082	qkyqomxdqmrroic	2023	1082	451	
1103	mziagnijtgypydi	7623	1103	1369	
448	ediaxdiwjgzwcrd	5335	448	813	
1203	iifjvgmndeulljq	6113	1203	1104	
158	qesfupplujlthmo	2605	158	2316	
177	zxnkteciwuueltz	1879	177	570	
329	emlvwplzoobsnwr	5444	329	2191	
1545	tslwwwutlxmrvmj	9704	1545	1868	
1531	puygywwmrpptudf	9073	1531	2348	
260	cwwdbcwjojqanay	986	260	1853	
759	pqprgerlpqbkqsq	9885	759	1471	
45	adyhjefhktyhrur	2587	45	1786	
1379	btvbbdexpsldiou	4511	1379	324	
958	idqsomugwmumgvy	6265	958	2197	
1253	dwdvjhixyjszjcg	7942	1253	1924	
1121	pbolygyylmixpfq	1886	1121	39	
771	wprrqkrbhqdkyax	7569	771	341	
352	nufzlysfnkynmae	115	352	978	
281	oxvjxcsvcubpazo	513	281	417	
1529	gazhagewhmjaywm	9422	1529	1662	
215	pbqmkfohdtlljhv	410	215	2309	
1362	wjywgwgesiycylf	5536	1362	483	
93	hnpbhnnfogvimkx	1775	93	252	
1506	zmpcnadotdqxwqc	4195	1506	2112	
218	fuovvkzcestqiwp	2248	218	1224	
1191	bskmdfwkyzfqfml	3401	1191	2300	
628	jwxathyuuethyad	6142	628	23	
287	zaiaqaixfgwmdtd	4842	287	314	
1198	ekfujsfbgcrlyna	2899	1198	651	
427	cnawymekdzukfol	9096	427	1296	
569	ucjnhsictgejjtp	473	569	2168	
1692	dlzmdulccqfegaw	4988	1692	328	
1292	deummbaylklzttk	5325	1292	289	
115	mckaqxavlbyaqwm	3756	115	1066	
470	yyfiifhobufnukb	8643	470	1530	
283	wrjiwzlskohaksu	3809	283	2309	
13	buagszqgdoalkhu	9319	13	1241	
403	axkekqvangulyge	9488	403	1529	
181	bnjgaphwefrtarq	36	181	1996	
1007	vxknhueuupfojwt	149	1007	1322	
399	hrwzkqmeseprorj	2319	399	2067	
1069	amkmbxxfzztkkhq	8367	1069	46	
466	leyooyotslygsew	6998	466	1700	
1170	evewgwtffwskmbt	4332	1170	1340	
1295	zgrvlecsybuhyvj	1485	1295	1590	
544	hiojigkatyszbfe	1556	544	2332	
521	oxowmskwvikwsuo	2183	521	489	
1578	irseblmxzxbbfyk	1466	1578	26	
356	sidlkzzpftvwpez	9410	356	305	
1389	mgoubtdofmypugu	5857	1389	2205	
204	ggquigmcvbvolsv	1048	204	121	
560	tthstmyoyfozrlg	2321	560	309	
444	jnnnwheaytknckr	2234	444	1803	
141	hlunmvknqkwgjxn	7583	141	1929	
607	gwlagohhgzhqlaq	4048	607	1050	
1272	ujrmqykrfddifgr	4567	1272	909	
845	kjysnbsxmtkcdzr	8425	845	273	
504	awhvaehrjhvcffg	4140	504	1498	
721	ltwtftipycotuva	2487	721	1069	
1087	cpbnwssgwarrnzo	4334	1087	1811	
498	eomwzisqqzyjxti	8046	498	2039	
190	gmtetqwepvcsdeg	9270	190	431	
179	xspftbtqvwsishi	842	179	1079	
556	vqokucsuedbmobi	7428	556	725	
1667	mnjtapowrvtnufj	3370	1667	102	
1472	ztjiwucccongpbz	7255	1472	1060	
1108	kwglgxrpkcmkabw	361	1108	1689	
589	gqxaanftzthkxlk	5721	589	190	
483	hrhzbdhwhpkijsr	8658	483	1308	
609	dzdofmlibmzwufx	7580	609	1151	
383	qfzrrihffbpkntb	786	383	2264	
719	fccnmmenpdepnlx	7861	719	2181	
1054	trarfmxijsskmui	7709	1054	1347	
1645	wxvqwsnkzvvqesr	5054	1645	1824	
529	ccjvhhrveohdnin	590	529	1723	
1333	tfmcwqwhyiymsjp	2941	1333	77	
1432	zqzhegwupmybbiw	2277	1432	2094	
1041	vbvnjusddoskmwv	3949	1041	700	
396	dnukuzlzpjwtxss	5071	396	1819	
708	zikpnawmccetsjt	5909	708	396	
1172	vhntkyxsbsvbape	6184	1172	736	
1002	okxxrlwytivqgen	4321	1002	436	
146	ubnzprkkclaulmy	8475	146	903	
1316	nozklgatdfsifff	7144	1316	668	
273	prrhidjpoewqnbg	1013	273	261	
1618	egnoijdtpvcgshv	1600	1618	77	
1448	mmdgtwroiplwfea	9899	1448	1998	
1665	qhwfzbmrvjudixe	3308	1665	101	
112	gmkchpullaazdoz	1442	112	2353	
1169	tbxijxmewexexud	3687	1169	2275	
1515	joahrytiwjgqdfb	312	1515	1543	
225	liqnzrznxocychm	3798	225	2328	
1528	juwzhszqkqisrrf	518	1528	1465	
933	bqlscyojzslamss	9051	933	329	
804	zgilgpickbragmy	5478	804	563	
18	ipzivpirwpqmhdj	8790	18	2254	
997	ngtksuxktdpxjzh	7430	997	1340	
489	sizjjotlujqvskj	8051	489	2303	
326	nbxfccqtdhraaao	8807	326	2467	
1230	xtpxbbfzsysgiso	5937	1230	1881	
506	qczjnyhkcjrnyfn	886	506	819	
1415	rotadoulwbjviac	2219	1415	553	
754	aofzkkfuxitnxrp	4088	754	1883	
1025	jftcgpdngclnghr	8235	1025	695	
298	llamrlhdxxqmxxm	1636	298	2464	
8	bullhcxxabynhbc	1282	8	1293	
1180	rcfwbtzpwmthexu	8824	1180	1390	
881	alqfiydzimleepx	3613	881	540	
1421	ksxijygwlestssi	4288	1421	956	
124	xoxprcgkxkvuhqw	822	124	1729	
647	ebpnodsexypkcxm	8355	647	1419	
1471	nymbvxfjgivaygg	8682	1471	2436	
123	usvatzaylpdxmik	8682	123	1237	
1039	jmxfcjxkxzwkrmz	1667	1039	222	
931	jzzvgwwztxhhvkh	5426	931	642	
452	ujzmbkesklemzrg	7087	452	1340	
1211	ijmeedmrfhsivju	2600	1211	2389	
624	auakzqbezkcvwnx	2287	624	2405	
1653	npoynylfoksrocj	1054	1653	2288	
758	oderqqsmanxbnfv	7907	758	1540	
623	vlemvxexdqhkjuq	3713	623	555	
908	lmypwfrbhkyozfo	7161	908	497	
594	tzeqyvmgcyfnqfm	9875	594	1672	
745	fazyusbwjfcdpvh	489	745	2331	
184	lxpftqxldfvrhjx	1415	184	491	
934	hfeopnnilwvanhw	1845	934	2167	
542	arycumuefdfrwrd	3165	542	310	
889	aszdcxrfvwffymu	2092	889	995	
421	gmonsnyseowcgtw	3740	421	113	
106	vgtfeetzdbylujf	7032	106	1059	
89	bhlijicvbwuccgk	790	89	258	
246	fkvnuosgdfkwiqe	1478	246	2167	
1291	nswnjsokoozgble	7975	1291	2010	
86	qgwztqkrctolsut	5994	86	304	
858	tidwpwshyezykpc	8471	858	34	
1390	ngxlksnclvibbwb	7691	1390	1558	
1409	spwjuvmrebllfgw	4517	1409	1778	
537	qhqifvramghyqhf	7294	537	837	
400	izndojewehqhezl	5331	400	609	
250	ffcbxbbzistqrbh	8525	250	2091	
429	lfvrziphqulyton	7238	429	658	
1302	vavftrogthipwym	5143	1302	223	
1569	nndnyghvzdzjlyd	7499	1569	214	
306	voursqvfheamcmx	8760	306	1619	
671	iqllwjbewmbdxio	7787	671	1147	
1143	morpowwtsxluifd	3328	1143	649	
211	zebgjjcsttkqgem	2865	211	24	
697	fewopcdnedzjecx	920	697	2323	
536	vzflhvamuxpftcr	1975	536	1841	
1441	yocqxzjvhuljatd	706	1441	562	
343	lipybdwhymgshbm	4773	343	182	
1500	kejsaxfqlbmtetg	5032	1500	2487	
1274	uqigexjgccbtvit	9870	1274	2434	
1086	txsjhxqourqusfu	6557	1086	2067	
68	mbxktquwloqktxp	1142	68	1441	
103	nkyzkcefsmtqhql	2535	103	2283	
548	ozhirdreilkzfbg	3150	548	1014	
172	pkcvtutbvkjximr	7450	172	1018	
674	pvagxrcgtnofcoi	190	674	1627	
446	piychjofgrbzmyj	5139	446	1875	
735	ekkmadyaetmybde	7844	735	2272	
909	gtuxctxtapjxkzg	980	909	698	
114	seyqdsrtbvnijcy	4171	114	2390	
380	wrvhnpjclcbhpcq	4610	380	1034	
1059	qwufeuesmpwjopb	5977	1059	718	
686	ltywybvddrxotkf	6226	686	1000	
806	cdkqmtwkmntnhms	4230	806	550	
317	xwqgskwgmqohmpe	9323	317	2301	
705	lodppclcsjcvarb	3423	705	1593	
1435	alwscbsgtigsnjv	5127	1435	453	
1495	ykpykucibeexbbe	4759	1495	2036	
704	yokwcmgdkptsbel	6046	704	2075	
382	jxhjlplxjawszdx	9023	382	2224	
1277	tcvyotpwlxyfhsd	1896	1277	1602	
1463	oovfchxtusikbzy	8959	1463	2463	
0	zcaqehwvskgutub	1494	0	1696	
330	hivopedfginvmwr	5777	330	2261	
247	ckmcahxphrtjrih	5970	247	413	
1501	gbcesinovjmnqem	6668	1501	141	
872	fpohgbyovsmvzvd	1991	872	2232	
1065	lbwcbvqajmzxcwl	9237	1065	1167	
837	dpfqfrbdgyueyqf	1547	837	1521	
104	amzrwehzppbazch	5095	104	1689	
1405	qlaeoiwewsleljg	6380	1405	1563	
1120	sunkacfslxshqyx	1301	1120	1137	
437	qlyokkwupbbhjsq	8367	437	297	
59	sayfmmijrevnmva	8401	59	1519	
203	umlnctjvvosxdjr	5444	203	859	
1155	yhkirwfrnpzxsvh	933	1155	928	
338	kxvvryhyfcglnfd	7648	338	1263	
43	iecpmoumvglhofs	7116	43	638	
552	ukjeojejsjiqjtz	3950	552	1112	
1044	zbvugtcqjmlgxct	9793	1044	419	
169	nghhvjgqznrlvoq	9659	169	1906	
36	pmjxwowcqicihmw	9404	36	799	
1570	cdexfvosguegdlt	8694	1570	1700	
1465	jugoreqjfmrcmrm	646	1465	1070	
424	xyxcazejptfqfvx	1258	424	2161	
1289	hckbabywtofzino	9752	1289	622	
1352	oyusgbmbzilojas	8528	1352	1441	
1146	vgwiufumagtjmpa	9741	1146	1085	
1175	pthlqxgwssacgid	9275	1175	1043	
1552	rpqpbhttcnbrmdb	8532	1552	2087	
615	wrpyqfwaoxfbuit	1686	615	1788	
82	scnesaioxulwihh	635	82	2192	
1458	vjeipxlqpqlutzn	9859	1458	754	
150	ngjedhsckyrbsxr	5797	150	2172	
720	oooafxgeofnfgkp	6215	720	482	
760	xnssqowrctdairp	9294	760	754	
581	mxibiwmjexdbylp	1757	581	1793	
454	latvfqxiggnmtkv	907	454	1075	
695	gwgrljvgfuikhmy	334	695	2119	
1193	cprmlrlcbcdtpam	7084	1193	1005	
1468	dwkxzwnnrcdnzdi	3452	1468	970	
1452	bjjopkfbihtgrvn	8412	1452	1562	
885	fzyryrflnynbmuo	9782	885	737	
1518	wtakaszshwcmfqo	2758	1518	2465	
722	nkipmsnjaeudjkm	5943	722	1684	
917	jmkgvldjgxkkvyk	5502	917	2348	
986	byeulmuwrjbpnvd	8703	986	1903	
513	tvfxwqxepgqlwds	2561	513	2086	
1596	ixrmrluvckwegwr	3103	1596	939	
465	ketreyuejepmmkt	9816	465	748	
1670	xjzzajuqtiyzgva	4873	1670	2177	
1068	fjfjmxgyftthecm	499	1068	1188	
1401	zpojdykzdpbvdgo	2466	1401	343	
540	ddxmglhpuqsakcz	7453	540	395	
883	zzlpbtqwhfipfeb	6758	883	796	
116	wtkycohstrcapzc	9806	116	2119	
659	xhvbtmgtvvkpkyp	7480	659	2285	
1384	ofymynnxdiilfst	6885	1384	779	
1514	hwvlqhnjbyuijuv	827	1514	2162	
861	qwsfhfijyauidzw	2515	861	1375	
597	nrbdvejgxoxrenk	7699	597	518	
365	mojidmgikzuzpch	6088	365	2093	
1205	dngvllvpdldwonq	1011	1205	281	
1344	txlqposyxjtskfl	2410	1344	496	
324	xyaenzqhdjfkicl	4836	324	622	
219	aeaprctmzzipriq	3820	219	877	
676	aoxmyxjrwwgwcgb	5345	676	277	
269	kumeagdydnquwbo	2923	269	2096	
782	gbanfrgqxajgcoz	8042	782	339	
1184	jdtnmklcppgzegm	4691	1184	1629	
46	matjoxlsnxdmdud	4362	46	396	
862	ocmlrxxraaoqmwh	1231	862	2268	
9	wrchpquvzisaflk	1056	9	2050	
1688	kabespiqsdnayli	464	1688	887	
627	yqyrutdtycdnydu	7273	627	2241	
1418	tqawrjcskmsiebh	2666	1418	867	
1449	dtzoicshodvwncp	554	1449	2272	
1335	riptieepwhnwdna	6980	1335	450	
563	tfnilreonjzpkkq	238	563	2328	
1051	jxqlzasiiyvonuv	5154	1051	1092	
110	dtkunvowaldapie	7767	110	2056	
663	burqotkiuaqvmic	62	663	818	
25	ngklvveysqlfzrh	7006	25	2214	
1565	yecwynvjwsmqwkn	4544	1565	169	
367	lngiolnxottdnje	5638	367	1516	
907	xvsolisrvwcfxjp	5267	907	1382	
1309	eitwpomfgyrguct	8724	1309	120	
1674	eqmsyldeigonjkz	9224	1674	374	
1444	jbctxxkcunzryca	3769	1444	333	
1680	uiymfmzaiyhzeir	9792	1680	1979	
1411	atrfmvwlwmaaqer	8002	1411	1805	
162	safdiuhwpbphzig	348	162	1740	
451	nlayzvznnwppmza	7085	451	36	
1017	abmlbgeygxzbnyz	2382	1017	439	
268	vttkluzzxyafigg	7345	268	1333	
154	kvolvetyocvxraf	8455	154	67	
91	vhulkzonycnaohh	5188	91	380	
572	clabndxvozyjxjn	1088	572	20	
1271	tdnlijtkwuetvlo	2480	1271	348	
74	klxjranbzkpxlpz	5308	74	208	
1526	ddepvdwocdmxbmj	7425	1526	840	
1337	axaqebdfrtfofyh	7575	1337	42	
712	yvbykesfuxrzyzr	5396	712	2075	
621	lpgvqmwtgkufzys	3629	621	194	
991	oufomwqnebfbdsf	6938	991	766	
1311	rzytngsdxzvljcn	4582	1311	2257	
178	nanutyluntzklbq	8356	178	937	
509	ikpqvjovbzyxctk	2995	509	1805	
193	wdigcezspevwsgb	6403	193	1769	
860	phytjnbliawuvpw	6830	860	64	
1691	ogumutbllybltdg	6249	1691	469	
830	kdsmfnqxxzaohrc	1269	830	967	
1341	ulaxafgtboiltfh	1205	1341	227	
1279	xzysevjyoahskyd	8396	1279	1684	
757	uhcrhtwyevjdxbb	1488	757	1906	
639	abetqpekjijreex	3920	639	2116	
1194	exocrzxetkctbfh	1939	1194	2296	
1467	chivymthqcxzskj	2204	1467	2226	
601	kwbtjsaegkqnqhy	7703	601	318	
520	cyrauajhcazcbdw	2530	520	443	
546	mivwxyfjdabbqjd	2808	546	1342	
876	buypykexszcsikm	1858	876	1888	
174	mjlvzjsoglheeic	79	174	2225	
579	cxxdnurmmmuattg	2571	579	2256	
1141	yvfgakvahtnugie	1176	1141	874	
485	bfvlgzlymzrgmsu	922	485	278	
538	wtrizhetqwtzsgp	7472	538	2236	
443	srfrfhrtjlbncew	4377	443	591	
140	epyugpuvwnvqzul	2201	140	1630	
562	kttqslttvblpqfw	9809	562	2022	
1105	jpsgeflzmhevxzr	7193	1105	788	
1566	dleevwshjwkoazu	2752	1566	893	
461	ytfaesbqonslptw	4438	461	2317	
64	gumdmjrqkmprnxy	5461	64	1547	
756	spqqswysfwcmzfn	2816	756	2427	
1542	zwkckvyexjbofnd	5224	1542	4	
897	rkzgcibslpxsjot	476	897	1095	
1657	rcgsaefhdfeofku	8995	1657	116	
960	bimumoqyzyqqfam	5899	960	819	
98	kyxalzeocbjxahh	3904	98	650	
1677	uevpfquwagrrlra	4294	1677	439	
438	zgcmvkoatnimhdk	465	438	289	
742	ptnbenrlezoyacx	8807	742	1945	
145	ivngoedavtqqviw	3233	145	1289	
635	phuezczjxloxbor	4789	635	1057	
877	hvshkuagqbhbayg	5087	877	2101	
795	whanphblanckami	2365	795	166	
981	zmzwlmdlggezcnf	8311	981	125	
1540	pzeihoeozjjqpvn	1945	1540	1947	
1139	kunokmkcjwgtfre	3324	1139	1942	
1391	qmktxprrdckzzsb	3051	1391	2215	
1332	nkxdajsujjvzqgs	1544	1332	94	
131	mubrmnmrrqxkuyf	9115	131	1881	
596	pseyavkhloymcjq	2158	596	876	
1231	kbzcggfzhssgitk	8789	1231	594	
28	ihvhtnbucjmyvbo	8157	28	565	
823	cbmpsqirvqimcuo	6881	823	2059	
932	lwwsovbibfqnybs	7164	932	2090	
836	uhvowyuznpdrloq	8764	836	440	
730	nvogpahguxnfizw	9344	730	1368	
664	sgugtqobqpvwddr	1724	664	1999	
376	tfbguntikmetgkh	7959	376	532	
1167	ijeurkvtjrgbkvn	4028	1167	1419	
657	ygabqvusvjwcurn	8472	657	2341	
348	udqmfxrqkvjfygb	4102	348	1118	
39	bfqhkibozvevblp	1990	39	2409	
794	tfjxlcioecohwva	5839	794	1314	
943	ulooamwnygzugmy	7618	943	2383	
606	vpwgxckkgvokjda	8258	606	1762	
853	ajtqtpaqsvmzjyv	358	853	1863	
1489	tcklmlkxwunxshz	223	1489	1505	
896	dktezfkowcepjnp	8952	896	1182	
1454	hfgswnzysobgizg	9843	1454	358	
15	ovvxvembtqouvmg	3010	15	0	
711	osxkombxecmlmoi	4853	711	1652	
811	wemqpelhiussjcw	914	811	1458	
901	nneaowsnxhnkimq	1789	901	1396	
1693	zmtrcdhxqdmbldi	5382	1693	1011	
501	ddjaaispcuzspse	3612	501	56	
1607	vbkipjyqzglxzbc	1710	1607	571	
1226	hbpppmmkvrmxtuv	3624	1226	4	
1127	tohcyppswesxnra	2339	1127	379	
753	czffuaqojafgaec	3088	753	2487	
243	tajgnskbcwgkqlz	1703	243	1199	
595	otkifidcneqrxro	5396	595	1627	
1431	bdvgxcanycmexlb	1232	1431	1585	
1152	pabhhpyypyelmnn	3223	1152	237	
691	cdfjkjavjqnyhkj	9659	691	638	
105	hezobltmxrndxrm	5363	105	925	
814	etqkaxbgcvlxwos	9263	814	2273	
1351	oqwctvcsyikvdvi	7324	1351	1199	
1367	carqrikweskzykk	482	1367	1532	
871	hxlvprzltktrqjc	1349	871	2317	
210	cqwjzrdpndbueqj	309	210	819	
264	bsmixuvopajkvqc	2577	264	2002	
1195	hvdrtalvoatovec	2090	1195	1052	
1305	mtlqpragoaensst	7381	1305	1125	
430	opbfreyswwtuuwb	7055	430	2475	
44	mprusfkiobfmeri	6359	44	913	
936	ziqsbgqorkjzyng	4149	936	1464	
775	kqtyqvqebugsstm	3603	775	2119	
764	wupmbmoepnzotlp	5774	764	2305	
1610	ggevieofadvmfnd	7293	1610	1800	
1239	abbxnaubxcuhzoy	2738	1239	698	
813	bipnjnvakfstyrm	8736	813	1342	
1668	oewsxxrmkbclpbh	3579	1668	32	
1106	atkihkwyhshzfld	4503	1106	824	
733	vrjddxklwinyxrb	7336	733	1402	
1427	wayfhtmcwgiurkr	8452	1427	2003	
37	utyeniinyexgyux	6738	37	63	
198	yuwrnpswdnoiwyo	9345	198	1998	
497	sshqchtgrdqgijj	473	497	1120	
963	piorqdecwzpmkdr	5626	963	1380	
1303	bunwunsljwopbju	6182	1303	574	
762	shlazwpllsbpgjq	9028	762	1153	
1497	ffssdxtktzspqnc	4743	1497	57	
1128	gngatrjflejqcdz	7266	1128	1942	
361	vgrypsuovmrbemn	2420	361	1775	
987	byebkdpbndamzqs	3684	987	2453	
1013	mfoahddkgznqsyw	125	1013	2224	
463	npzaypowhhoqzsw	8775	463	976	
741	ldglpkiitnblqkb	7920	741	255	
1125	vrhoxnzhdbnzrhe	1769	1125	1090	
641	iqysuizsvxnaliv	9357	641	576	
590	rcjnmlybycepayf	6743	590	608	
1078	tshtkhptynvjfpr	7690	1078	78	
919	vidqcwbmeewslst	8703	919	2152	
1414	jxsgnxzbrqwbjal	3349	1414	809	
522	wbxwgvpthpgclqp	9642	522	1428	
226	jrqlwtfkvsyiwkm	4451	226	1825	
1346	tvczclzegecjfob	2346	1346	2161	
1357	epcecuosjuyxxwy	6788	1357	1762	
1306	bthpixwdajzzoxh	2138	1306	1186	
1288	fohjxdzezlrzhou	3930	1288	321	
122	ihvwoyvqzwuhldh	5667	122	1048	
915	tubnnpyboavjsub	1393	915	1124	
1223	vlsjqbxjpwdwyxq	9047	1223	2429	
1547	grxddqvmmwuftiu	7080	1547	2439	
233	rctbxacppxwoggd	260	233	1360	
407	zllzhgnoeacdfvy	1913	407	729	
120	wcmtiupjzfcghmr	4232	120	2305	
1393	ssuqzzpwvvojmuw	8376	1393	1858	
1683	bjbxvaozmjvwiyw	6150	1683	2244	
1579	utfgudbdyoyjiep	5826	1579	1138	
1586	vkyotuqyxrwpogj	6865	1586	1538	
727	ewkcgdbsvzryotn	2495	727	209	
1207	nljgoymgbexuyii	6395	1207	158	
577	jutbchbxjamxznq	9781	577	701	
707	jnkhqlqjxtqbnmp	5916	707	1691	
511	tdvuluroialubbr	1013	511	827	
1698	nnmffzlwonruubm	3931	1698	1716	
1053	aakgvgwcogcnihy	2930	1053	1849	
710	btbaaleuhleakey	5950	710	2217	
921	lnjjvzbqgorahnl	9324	921	563	
249	vcxfvcswjdtdzyw	3506	249	1438	
1290	bsjphwzybfkzytu	3090	1290	671	
1669	dbyejcclocusktv	9615	1669	1425	
285	mzrvcdownodsvuy	1886	285	1661	
1437	cjooeknxcymdqvv	8510	1437	279	
1282	gxgsoumotfcywhq	2007	1282	2012	
94	mggdkfofcmtpiyf	2269	94	1308	
1227	trkcwvxhlticwoj	8434	1227	2006	
882	blmwrrtlrxwxaus	3554	882	1214	
1260	joyjjtgembggmgt	4524	1260	824	
677	aogqguukagprueb	9040	677	1450	
271	cazirvpapiwwetj	7576	271	925	
668	yudydwxrszgzgfc	4867	668	1057	
1354	pddjcncupklhyov	1880	1354	2422	
248	eneyejyqqoqywau	3598	248	2242	
474	jmszslpunlnobxt	743	474	1185	
183	qajcnviuvyxxgvj	2186	183	693	
488	hmcyepsbgkhkbsv	6187	488	1073	
1244	japippwcshyiveb	8973	1244	753	
900	tcjjpmrfdsyxghp	5749	900	1802	
1406	olkfcfgedddwakg	9606	1406	2372	
1249	bkanufsebmxktfs	4020	1249	1726	
1491	wpetquutdcwgpvi	1883	1491	1769	
151	ciposvwhbsmvpqk	5987	151	1401	
1154	fjskywwpgkvblut	4623	1154	2146	
1325	dxzlmbfldccfycs	4521	1325	1483	
1615	tuihnazmrqkvoeb	5988	1615	482	
670	njyzmhyjdinmndg	4822	670	1858	
532	lpayrwdwafghlux	9185	532	529	
620	pawlxxcbitsxsmz	5518	620	1748	
173	ojdojcanrmzwsgl	7089	173	64	
1631	fqxplennvwxadvk	7737	1631	2374	
1130	tdjghhgwuoewuoj	1702	1130	330	
291	ddqfummjmqflpxk	8101	291	2034	
1602	uzabiyinwlfiryz	369	1602	1516	
196	jeonxnkfznvnanu	9728	196	2211	
235	znyvupzxooeajqi	6778	235	1072	
1280	ljbfqsdqkmxdvas	3401	1280	122	
698	gkpswmzdkgjdggl	7159	698	2314	
1623	tmxscoeefteeajk	2324	1623	74	
866	thqtaxvelazqocn	2875	866	2236	
308	byphlbbiyymmlfq	436	308	1809	
911	fohleyuhirbcoxe	8079	911	2175	
374	ckjwwyldzmgeccq	4181	374	302	
1304	kbaiwcvauudxksn	1787	1304	105	
1153	lhcfxkhmepzhnzr	81	1153	905	
1090	nlupxagmlzgzaua	8544	1090	1998	
964	uuczfqafirjdhzn	2451	964	1240	
224	pffzglimdvahcfk	8765	224	866	
706	twufdiefidflcih	4369	706	872	
825	yejgqqfyjtuervw	8255	825	976	
1636	jspfekujkvbizrr	6977	1636	1400	
1275	zhwosnpsyqfpcra	683	1275	2136	
1229	yzbguhfbbwydndq	3328	1229	370	
810	ejjofdqsofwnefj	5016	810	570	
617	sxbcocfkbdunhtt	9640	617	1787	
458	xmhsyvpygtbhxga	8487	458	1058	
1080	garimebdlbghsyw	5973	1080	135	
1347	qneyghfgerokvfh	993	1347	2400	
202	uuiblkjbwlysnzy	9205	202	1460	
1150	npxikmjiakumlsw	6417	1150	1499	
1543	labglrzrthfqqyy	1811	1543	1913	
792	xcchcsrkwtdcgkg	725	792	1258	
88	xfslkmcetrbbccv	7597	88	577	
952	kmpodmwhzxvxiwb	3508	952	234	
288	wlnoxkbsyjpowrr	7095	288	531	
1050	tychcssalvzundp	2135	1050	1884	
72	zcrkiajbgofdphd	6131	72	153	
305	qvydnojgqobpltd	6444	305	1249	
194	stlkibbokzbtpqe	2807	194	1282	
891	ksdcjpqpmtgjamb	2313	891	1413	
965	tyqqbsknsmdjrcj	2575	965	20	
377	jhgdpfnfqddupbx	7632	377	1844	
394	beakhbohigxoabh	3155	394	492	
95	yewonrbwxjxrbkz	784	95	2032	
1652	pgshwyzpfbitfba	9983	1652	1348	
1037	drbvvejujhsfhva	5372	1037	233	
626	ohiqmpnpxddvfzw	3487	626	427	
1694	lhftllcjedvtdcq	2921	1694	832	
1613	kloykjtsdwncihv	6703	1613	254	
1541	cecmxgpjpschalx	8956	1541	1643	
1097	xkkxiitzaiwwzth	3024	1097	528	
251	rouiibrclxyvvxo	1526	251	206	
1293	siiagiiljmzujng	2425	1293	605	
353	ejsjnascuktgcxt	5775	353	25	
1626	wwavxlssvuelvtx	5698	1626	2223	
1408	vpsbtzcramoleit	6635	1408	2200	
303	mlivlaiutyohibh	7224	303	1455	
940	mjmrfndfalgusnn	3969	940	1323	
1580	hwovdjmltznygeh	6738	1580	2421	
517	wjwklnibwfaxrfg	1073	517	1661	
232	iirviktfrqalxer	4827	232	374	
1446	amwqfhgijkkxjhz	2279	1446	1130	
1481	kanunyzzjwyidbz	6313	1481	591	
1138	qvxokofovkohtps	8239	1138	976	
1066	emtfxlfmfolnmyr	5009	1066	2161	
191	jzfdtpxyukrzjvg	9832	191	1003	
848	tpzuirztrwbccsq	5653	848	1693	
311	xbadluffwpursdt	3395	311	747	
1072	jplsjthaapfujgm	9934	1072	1956	
983	trfvyiumhjdizgs	6564	983	1591	
1011	fqrxbsdlybaheqq	4446	1011	201	
340	ttohieiqglxldjg	4502	340	499	
38	vbsrgcjgnwhages	6946	38	1148	
996	okdlbciienqdduo	9060	996	2262	
272	yejduflzokzninz	5854	272	613	
490	ubiqclstmtcuwxm	9188	490	235	
415	rpvtyiayslxnfww	7484	415	1612	
477	ngzpdnqagcrfwco	4016	477	693	
864	uwpzzaujqheeslx	8575	864	1664	
75	jbgnidbwlffxwom	2709	75	262	
778	dgtjuubaikkloav	5418	778	2404	
850	iljaqfsatnpemgc	8503	850	751	
779	stugxsqyqbscnpq	2479	779	48	
1315	ydfzmxqbopnusaa	9031	1315	1343	
1426	iqybpgwfuryyqpd	7051	1426	1363	
212	gkwnrvxzlandacq	6665	212	513	
1263	dvgeqoysrigbazk	7221	1263	357	
216	kflzjnkdizffmno	2692	216	1294	
119	cbriskxootaapkt	4594	119	211	
405	lxwboycylvbufkq	1185	405	1966	
381	qfctlqysmlmwtxa	7234	381	1201	
715	eagszbspmbuifum	5492	715	377	
625	fpqmdxgthoneotz	4886	625	615	
280	oyvarflvuceejik	3983	280	186	
113	bafoxkkwrzwbxug	9345	113	1084	
1012	pxcaeozctdjxwcg	9642	1012	42	
927	ukvtjqxnesqjasm	5932	927	1960	
1661	ozdxcwiqkcwylch	2581	1661	1541	
1111	xbcgkjslvegttqy	1770	1111	1052	
368	gizmepjshqszzwc	1090	368	2302	
995	mjgrjlwbkyyflmp	7757	995	1301	
890	knwqvewplzyfyyv	6012	890	571	
1413	asbvbxcqshehvqq	6444	1413	616	
592	kuvmliggodomqbp	9218	592	627	
1557	moxcoeyydtwsamd	8568	1557	660	
229	lsgnyvahsidbxjt	6110	229	889	
1327	cvuweszwzudeamv	4150	1327	941	
364	pycdjycyzjfyyjz	5629	364	1389	
852	eiqqhlppriblnep	910	852	935	
1438	jxykwmusvyeegsj	9597	1438	2342	
402	dbljiggoupdnhxx	3858	402	802	
136	ggywtlyfluidtit	9918	136	626	
35	eauhnnrwxtqiiom	1054	35	601	
473	znrnivvebtsekvs	1734	473	1486	
1110	qjjxbqeycmdctce	2	1110	476	
1259	ffpzfkovqclhqtc	9987	1259	309	
994	kwvtoniswsytieg	2119	994	1928	
419	mbvjmuihbeumivp	2338	419	1116	
289	buxixdyiimrppsh	3513	289	2008	
878	fjarpjpqdldffjw	7889	878	2104	
1629	gsxxamsqerosfhp	7745	1629	1011	
1202	lthbevjcauahtuz	4861	1202	560	
1131	dkkfftfcgktfyrt	839	1131	1105	
819	hstilcpnqjdjjlv	2251	819	609	
1419	rbzlcdyancxyykj	7429	1419	2445	
1268	kotsxqlaigvpqvr	1110	1268	2121	
817	munsevrlkqydckr	9631	817	1438	
1396	buowtaayxslmywv	9981	1396	1516	
699	ncrhzsxstednadk	1809	699	1070	
1482	uvimgnebqxvrhti	1157	1482	1058	
14	jofqilztfoqiunu	4129	14	952	
344	ghlpssprkumpvjc	9366	344	299	
1368	ptpddlxpvphtnww	9847	1368	789	
164	bvttyhfjrgsgwnn	1789	164	1130	
1324	ouvguvbwsqwooro	8520	1324	307	
1439	iumutanvevwgygv	7729	1439	1553	
295	uxnwycfmadpxjky	4919	295	281	
1361	egsstshyihenauw	2316	1361	621	
1248	dyubuwokxxdzjif	9120	1248	1738	
874	lydskxdaykfprqh	2790	874	2362	
1365	ifakovfhwvguawh	3475	1365	178	
491	njftfcawfxllmro	3392	491	398	
734	hgwmsdfsowmopme	9075	734	1977	
660	toaxgakpcgtfrdz	2328	660	1376	
1246	ssotioqopzvirav	8615	1246	2072	
971	mfatroljpsxqvyk	8078	971	424	
1430	vjsbntbsstnkjur	3534	1430	1117	
1590	kesbiiscxherbyc	1539	1590	1833	
684	tijaqvtatuahefe	4754	684	1557	
328	coidjqkefhpdgyl	8993	328	2261	
516	zojimvvhdrvsnjr	851	516	2456	
1313	lbaziqjoujgqskh	5296	1313	253	
1555	jscurkhdamgoged	9662	1555	2330	
227	wewttnypzowkomh	9878	227	1560	
1234	pnszlhpfusrlddn	9365	1234	208	
786	jcvlommqixorbmo	539	786	1068	
256	wptzwwducdxhggr	6246	256	533	
205	duztakurxldbcqi	1802	205	2210	
539	nwsyazcaezrevdg	16	539	2213	
1457	uubcvfcnehviktq	596	1457	314	
1314	oztrfnrrjcgngah	9479	1314	950	
816	qfagqhbswanuzvu	4279	816	2223	
558	vvmtxrjkuqhghes	2701	558	1273	
1402	saeyzvdrgvpmrtt	6058	1402	874	
870	vlbybuoavsmkovy	3906	870	620	
1624	cfrlqpidpjmzjro	9402	1624	1637	
135	kfpzjyezrbnnyfl	3291	135	905	
1416	dqyrswfmtrixmle	9086	1416	1314	
161	pfvslwtocrkwvjt	9399	161	1172	
1486	rkmvefyalgdccts	4224	1486	1552	
980	yjqljmrqcbxqkhb	9607	980	210	
69	kimxcdxtcdaomiz	5654	69	1983	
527	rxspucmxbezewwu	3028	527	310	
912	hxxdwhsnpobntrb	7475	912	1349	
1240	xweserrkvtxehsu	8082	1240	765	
1297	ipsbpzkqtksffrc	978	1297	554	
85	mpjsyhgnqwkdzhy	3870	85	429	
316	julbgnjbwtdnjnm	5138	316	626	
1360	onkxvanqymollvt	9906	1360	2011	
957	lctoiknhvnfpkfw	4680	957	1131	
1539	qzqboxasistzxtw	9953	1539	2452	
767	ydxfcmtiezwabve	7063	767	957	
257	joywdoafxlkqlqh	8239	257	1582	
824	eibrfuedqhzjqhm	1610	824	220	
238	feorgwtjkcqhsdx	8807	238	769	
541	gvenqgmpvdqmutd	9936	541	1844	
1006	uzbeifypbtgydkc	2185	1006	575	
378	qqngekzbonncmrc	4655	378	1841	
401	etbawedeohrseun	1151	401	1088	
207	xchxjgcssvwxggy	3458	207	2438	
314	vcgzelxrkuchgol	8275	314	2144	
822	eqpxuiokwgctnad	6993	822	743	
990	rgxnuwwaxbcvfwa	5913	990	1724	
432	asllvewrxfxvxvy	1422	432	614	
1682	imacihhfjgdpuqy	9658	1682	2383	
372	grhaigtbcudduez	8302	372	2241	
1659	emmypysmcosnciq	1191	1659	942	
1052	xhwgaksfihbgmwo	8979	1052	74	
20	gokmvuptfqotfkw	7072	20	521	
1046	goqzuznzhskbnwv	8500	1046	587	
1236	spghurgoukzeggd	1340	1236	446	
65	lbfkzgdludlpcuj	4469	65	1649	
482	jadthgvleasykks	8910	482	387	
1088	nrkwicgnparmjca	3192	1088	691	
1148	wcozcacanadukjr	4	1148	1374	
582	pvbvaunbpehzbts	3759	582	2093	
1212	dpafglfkjrsblbo	8425	1212	1608	
614	qvapotpyqawjsmr	3118	614	1432	
820	znxkvxkhzsdaxjv	6879	820	720	
420	dnmrcbalqiljipg	4556	420	745	
766	ewvwjqyanmvpasa	7443	766	978	
187	vtpjwuglpmjxesg	3644	187	651	
408	cxpogxyzkuttqjr	2659	408	1436	
974	ptlqlybxkduwflg	6982	974	2145	
76	cpwwtxggcqbpqjf	5229	76	2333	
949	ixufiewbcdbkapt	8053	949	1004	
433	gquqvxpeetusgcf	3613	433	771	
724	qirccnqgmpxuurr	8762	724	929	
1187	mrnmygdviedinur	6015	1187	1814	
318	mgjegnzkfzndlua	2939	318	304	
266	hbykmjtdyiyjcwd	6310	266	506	
42	pesxmuvaqzsnlin	4385	42	1599	
1503	jztmonlueubmybl	3178	1503	2431	
1483	tteykpevskkbrxb	7098	1483	1528	
1525	cjlxbajpuhzogco	5422	1525	1328	
774	ucjkqwmuqdorfxf	4061	774	1087	
1576	pbqyregikkldwxg	8077	1576	1196	
1611	trkrdkiovpqgzpc	4023	1611	1655	
1177	hyjccklmzfjhiou	4212	1177	3	
320	qbzmvehlxfqajnr	4452	320	413	
709	slcewxfyamrufer	6486	709	1708	
1014	soemypraghvqakn	1037	1014	816	
1676	lfsxjgypzyqslyj	8813	1676	179	
1331	xpbirsqrsndfowo	5251	1331	1422	
1003	rrkmtrxfnregvuy	9390	1003	1641	
840	tlqusgnahsyfksc	2154	840	743	
738	vsizuklqeuspuxl	3505	738	1155	
913	ndqakksfdkvtprf	2367	913	984	
1637	ejktckbxiwmxtyu	7362	1637	1038	
1038	ldcskubhntnwbxl	2235	1038	845	
797	fxvvnwsfvqaxxvc	3742	797	2411	
644	ofyqtkggwwvbzvf	3269	644	1188	
571	inaxtraurlspdxg	4497	571	663	
1412	ohuxxhgkpumgwvn	6276	1412	540	
1267	cwqvdruoicrsivg	8876	1267	419	
1582	dzirfoboyeaiunj	9982	1582	985	
918	acthureelutgaua	4648	918	271	
358	vbyzuzvkidsnqbx	5265	358	2400	
1684	gdkcnoqiwupqfsr	5412	1684	587	
1417	qkhpyilkzafkgrj	8165	1417	1835	
1264	evqsuxpwnxlygvk	996	1264	2333	
1000	gabmtayozhxoaac	9562	1000	453	
413	fptplulhdzvbtqk	4634	413	655	
683	ukhgejsypqgfedz	8325	683	2484	
1022	yyogvlxkninsdfr	2861	1022	1840	
648	yvpsvagevejcljs	5777	648	1481	
1381	vevwbmprofqulzw	7315	1381	2198	
160	iubeckhwasrqhnb	5357	160	893	
109	zjzngvowibpcrtu	9291	109	1608	
714	iptxbbklatvowfw	4414	714	1361	
416	rxlndvqcarmmrxi	4402	416	1310	
117	zqianankwylmoct	7301	117	1723	
752	hevtvaqejlqzjof	6509	752	2079	
21	udmcuxyppdmlfib	4537	21	1510	
67	wcsmnyxkfcgevzv	4179	67	2143	
603	tfzinxyzpfvvqxi	4317	603	1199	
1499	mxyqsktahtoefxq	2508	1499	189	
1126	zxnczaebqzfxhmr	6225	1126	2158	
1594	xquuvtymqurfscb	6067	1594	1849	
1560	mtyfjbommeurgbd	8826	1560	910	
66	ntounuikobploha	6941	66	2108	
1221	zdxnksshripppyz	1941	1221	1304	
370	agcrqnuicwhgfmc	7423	370	2030	
1186	rhvbaefdbprpzku	284	1186	1436	
1281	pmsuoxppmqkmzqj	5661	1281	770	
549	ufqudkvtiqgdcnn	3339	549	1967	
494	dvlxixthrmzpgzw	8323	494	1082	
1386	njhrbvfgqzhvtfz	4277	1386	383	
428	qikmfuuorbiblvm	6757	428	1334	
962	xwtdqosknygxfdr	9084	962	769	
147	ajxtpfifaimmlhd	9589	147	942	
1213	ustiirsvrdjjvyh	189	1213	1945	
1353	mglvtkufzxxetqm	169	1353	2071	
555	apocglxdxkivvhi	7558	555	348	
1666	ufqrnmfabnarrty	4866	1666	150	
1067	hngkeeuogjcwmly	5627	1067	1534	
390	nfpcjbsimcmgwoz	8404	390	798	
1063	lkxckhghaoowbrz	1306	1063	1460	
309	fwtpfwhejxlhvdj	2415	309	1657	
286	iafjsskvdxepluy	7584	286	1717	
1356	wgantnkznsvuzbf	9420	1356	1327	
1587	qjmhfgozyylkopv	4766	1587	354	
97	ywyqciapwabsrku	6248	97	1797	
449	mcozjdszfftpras	2689	449	2333	
1348	yafyvnvnpfzgrch	3778	1348	2097	
121	zulavfipaqqjrjt	4055	121	1027	
1656	nbthvnrjxdlrftp	7543	1656	1096	
1020	ijfccyeqxtmylyi	5643	1020	639	
255	qhjqkwocpkxlcmh	8156	255	985	
973	crribaavalvaxqf	2762	973	1629	
1300	jibaanmgtuqktgo	4282	1300	2453	
967	elywexxnzmkjouc	6995	967	1196	
1678	bozrgeopuftxvdn	4234	1678	533	
928	tmzoimeytvwsmif	5125	928	1597	
1124	ryyostjrqquzxqd	5640	1124	1901	
679	hxzaklhkswxwbkg	413	679	1144	
1573	dwfcbkckxqesjis	7860	1573	324	
332	kqjjrbvpjjowcph	3158	332	1793	
808	temjbyibwohccpw	2615	808	1756	
1100	dbkmpnlpfjablrq	3294	1100	1952	
1310	vcqxtsjjtsaanzj	4433	1310	660	
985	lgjchvzfjfragyn	8584	985	1597	
916	ojxgqnokbllssvo	8109	916	1138	
1436	fhfzedaeqroalcd	3091	1436	1648	
1136	nhqiniodfgwokhl	4000	1136	543	
5	jkbsjatbommvhiq	8927	5	627	
616	rwmnbvtujurdzzl	8533	616	390	
938	ivbnspeszilarcp	4511	938	1390	
898	lbebkmauxintayv	749	898	1000	
1496	rvmwgpfzwjpymid	2570	1496	2055	
1385	tvbibwlyygrqrsr	4105	1385	2334	
1634	yjeeixjkyfrguxw	6922	1634	2481	
195	rrhtqarfbqohoyw	9869	195	2373	
1005	sgsngtnwdqtrfip	4208	1005	2426	
512	qwpetvzlopujyvh	6050	512	881	
472	nyjbkxcaskoahjd	2965	472	223	
855	xfvinwtxkrevpmm	5480	855	1364	
1098	uzysmthtclyabcu	4084	1098	1401	
1639	iyfcmcfacsdntvl	3313	1639	856	
1057	lhlhoyhiifgakfp	7306	1057	2283	
1538	plwcbgulfcjnobo	528	1538	663	
1026	joynvgyvkhlwaht	1582	1026	1781	
240	loukghygpnwudmc	6987	240	446	
1266	pelupqzfuxtmslf	389	1266	389	
166	ytiefubboiawrcu	4287	166	1658	
252	excxzfzesgfgwgv	8497	252	1562	
201	zrrvlaathxohrmy	2941	201	967	
297	fsldmwheagolekz	1465	297	1614	
1299	wwdvnguptztdjmg	6790	1299	957	
543	ysoipptmzxwsujh	6753	543	2197	
1034	gerrikszkbulstz	5330	1034	499	
531	frshzrwqcfmtwee	8830	531	45	
1094	opelqwijilndzpm	560	1094	697	
809	nhaqryrfnmecnsr	1621	809	2410	
869	jtbyqztjajtrqeo	4796	869	803	
493	khmwqinxawncdpr	7648	493	1009	
613	vemzxtbkjundolh	2443	613	1830	
292	cvmbfsrcnwoajbp	3783	292	411	
1210	sqbpgbdwdzzqoag	8763	1210	1695	
629	kjxhkgpneuhjqma	4403	629	42	
580	lqdqqxlthtiudlu	7813	580	1263	
1648	wzfpwtsdkbenpkj	4357	1648	2319	
732	pqjzmpkoxhykssr	8593	732	1945	
149	lbmksctykdsguxo	8261	149	1804	
1010	nedauhinaeepnyr	5433	1010	1485	
975	gmfebweglsydryv	7973	975	1965	
1604	ojszjnfuezizgah	6256	1604	1024	
1461	nlzzcersrjuzvid	3939	1461	2174	
1699	zbgtkdjmfyeylrf	6556	1699	1095	
1220	mmirwpxfhmbpfdi	3646	1220	1361	
1425	rfnmllegccdcozd	5367	1425	532	
1030	aazcvruftehbfmy	1973	1030	484	
1107	qoaamxdcvkbfoai	3979	1107	466	
1238	nfaskvvylnazmfr	7744	1238	1245	
1530	qgljvvmrhfwemvm	4901	1530	895	
1654	nqncxudxzihqcqy	3854	1654	2179	
1197	qoqihjdyrgdnvel	640	1197	876	
796	sbjhuqhthjaixwi	131	796	1410	
1447	xkyfzlvldnwlatk	1548	1447	2414	
357	hggquuqngebgsae	9306	357	1542	
1523	scznjrylvfqrrtk	2401	1523	561	
998	syhakdiryvlixne	388	998	132	
349	ojkcuepqkslsfsm	5436	349	2236	
60	zhqyghgbejhcxax	1310	60	1277	
1392	gqkcehyftvqlefw	5335	1392	379	
253	iggbzskueyhzuaj	5602	253	327	
692	wixipzufifqpqve	7533	692	1403	
879	yrrlpnkxnshqyfy	3252	879	2141	
1561	rcymjdmwdwpnlec	9942	1561	2192	
1021	chuvjztddaigmxy	2249	1021	1983	
959	alyrvigjghibxjl	4945	959	2165	
1149	xjfuccirkefemvf	5382	1149	1317	
459	yvfdsgshvniriin	5125	459	28	
1201	vabflfqrslyuyac	8511	1201	358	
593	ixqcwbbkxjefbck	1063	593	2059	
652	afcpkzfsxgqbhuo	7764	652	703	
1043	cvqvluqnlzbajno	6250	1043	2256	
599	pjqhttletxnrrck	679	599	2097	
717	gtcxobwlcmsidel	5835	717	578	
157	emcaojxvvoykhcw	1969	157	293	
1399	ttlvcfhnpoobkfh	7842	1399	1393	
1322	lvobcbfqmyboctp	707	1322	1011	
1363	osgfuerliwyfbsp	232	1363	2481	
79	cphrobytzsvhqxo	7883	79	1881	
951	nmhqrwornonsdpr	766	951	1792	
533	rimynftipluvjrh	2053	533	536	
500	jsacprovgsuhzvi	6584	500	1312	
586	bfbchcsahjnouai	3074	586	358	
234	lpbrvpctjpojrcl	8876	234	1167	
873	vsfkovnhypbgnwi	1751	873	539	
665	tfsrtjzuhmsqket	5524	665	187	
653	zixrnvjcujwtfhl	2306	653	1495	
619	iyeqkbodpasxhoi	4248	619	178	
557	kfeaiggxwqlzmcx	1828	557	31	
1527	uyppvxfuyixxzoa	1263	1527	1813	
608	snilmqyadulubeg	3523	608	986	
880	mzbkbxgvgzoxzpz	4873	880	704	
384	hwsadxdnnywhfxw	5864	384	695	
1504	blvytcbreijjxja	2274	1504	675	
1429	fppirtpstjbljid	5608	1429	1943	
1544	zjobumxuuhartnt	4293	1544	1088	
1027	jiuxgpsldbplnyk	5768	1027	788	
1070	nxjgunfdtlflbya	9019	1070	548	
743	fhcszigqhgdndtu	8257	743	2219	
322	adkjqyhcflvfleb	9790	322	1241	
1096	dsrekojkwxzemxy	9853	1096	2352	
725	pkpdpfkgotdyzoc	2327	725	947	
1522	kfaiqbqliorhhek	3151	1522	534	
1321	qggkkznwqwhnucs	4287	1321	553	
702	thqvnkehdptdcei	3575	702	1254	
1116	cmqlcoywwxfdfvx	6453	1116	2273	
1423	dbyvlksxqlybwsy	4795	1423	989	
618	vdmqlhlnqlifjgh	2122	618	1138	
1600	ivbiihuryisoxdv	879	1600	1436	
1502	txtpeskgecpwtsp	8680	1502	707	
185	ybcyomgrxxdxxzk	3003	185	360	
307	nxepsjjofiwkmhw	853	307	849	
1516	lbxmbxwhjfvlltf	2460	1516	1788	
1443	zatbyxsrhaovbhx	3682	1443	1673	
87	xksxhltkeclulzb	695	87	2138	
716	huufgzprhulisxu	9367	716	1419	
1190	rsbvrwmdhoaeoeh	7407	1190	1275	
1509	ldnuzcfdkjtkybc	8742	1509	1585	
56	zsnrprnmqetludt	9449	56	1910	
507	kmvcvdqejrezoak	6214	507	314	
1433	kzdypwsepqwktra	2249	1433	2051	
1493	jnujtveaqjkjrng	4442	1493	1022	
259	zzqvjftjfiyjrhh	1672	259	763	
1165	odygygehbsxpjzh	9935	1165	132	
1536	wyalfcqnuuhuvyu	6453	1536	1169	
505	lzilvevuoiyssdb	7060	505	1214	
1123	qkkoundpazdipzl	4782	1123	1981	
655	wpuguqpzzvseevh	8463	655	2123	
749	kczchgldzurgmnd	9557	749	799	
41	wsxhzddcwtsvgab	1302	41	1382	
1609	pqkwgabzcqykjpc	1615	1609	1488	
1278	hqqydbhzypyhusg	6343	1278	1944	
445	yimblmedsrlwing	5301	445	567	
1616	wmtedxbqozmetak	1831	1616	1608	
1517	kpuvvsmhrfpxmns	1257	1517	451	
478	jnwijlsjdycfzkx	7562	478	792	
821	oovcmnawajlchtz	2087	821	137	
315	yyzgbmerstktwgo	6661	315	493	
387	qikaclhhhsgptpq	9585	387	1525	
1256	eguffkuctpufzdg	5043	1256	1363	
1397	ingtcdptlvkzmvo	2188	1397	887	
1183	ocpscwnhvmxptag	2679	1183	223	
1215	biwcsbyyqbatepk	4087	1215	1305	
1093	pmrsxwbdnouszxz	6403	1093	1977	
1400	qphdzbdpvadhiib	2375	1400	2255	
726	pqbxwmnsvjwazlx	9048	726	1137	
223	bmskyjkwehbmnzo	1547	223	1429	
1033	unmgcgyeviisuae	925	1033	800	
1219	scjsaufugipovce	8455	1219	803	
1261	jystdtemchzaorr	8418	1261	2405	
799	qcbacgziqrhchlk	6849	799	1249	
1137	efiygijbudjqrmq	6897	1137	1167	
155	ftlhjgifdlxqaop	2688	155	789	
637	kqttbxossbknkhd	6458	637	816	
988	vguaqazkaeoisea	3811	988	2181	
398	upvydcsbfbtqhaz	8597	398	623	
678	zoofhfqgpbrflmb	8119	678	439	
1250	tdxpbtkhhinfcso	3762	1250	753	
1370	gbzkpbjyelejgpe	5835	1370	1414	
554	quyfsqtngbrnwuv	5323	554	1294	
763	xebjtlzacoaomey	3534	763	238	
773	ixmzcyrmooxljte	4845	773	1356	
263	bpvntfcjapojjfi	3113	263	2411	
1564	jtuhodcugealpeb	7241	1564	95	
1505	mgfexkhimlkgvcl	7071	1505	768	
650	tsexhntpyfwrqrs	781	650	1920	
1019	ncxtcywhnsnbwth	1598	1019	138	
277	omtatulynnmjddq	7118	277	653	
228	ilyarkxxthunqfk	8165	228	388	
414	rmtdpenpwqanzms	6764	414	50	
1085	ibnxdkjivwnobvk	9624	1085	2062	
336	ograzndvumijnuz	9991	336	697	
125	efzledppsseyozq	1716	125	449	
294	fthilkhsknmvtqt	5917	294	1051	
6	xhonnphycmwmhya	5917	6	692	
467	fvuxewywzdubdlo	1260	467	1277	
515	uebcklnmbtdwnae	7384	515	929	
910	lsonerjedbqpuol	1203	910	2020	
327	zhxndaoqphkshhw	5500	327	531	
362	vaggdwousqaepbw	7310	362	2219	
769	ddvcrqekbfmzywz	8423	769	1856	
220	teuigtbkmgcajwm	9245	220	190	
1664	fsqmfykhyxzjnss	5078	1664	1975	
598	hyitsnaozvbsdhy	2090	598	344	
510	rnsubsozgaiuhgh	6299	510	934	
1342	oywvthcwwpojole	4035	1342	1578	
979	kzyehmrgwqxbohf	7000	979	1219	
1129	sczttbfkmtjhmeb	6029	1129	1747	
815	qdiwlognrvwdydg	959	815	354	
553	rbnyffxfrqzcdwa	9434	553	1609	
906	cycgrbfyfwlofvg	2970	906	1640	
1243	dsmwxryhaxspyop	4024	1243	496	
1	wknmguvogcndudo	9101	1	2319	
630	zyttwnfpeensrbz	5310	630	975	
62	ntkhvkhvzhenaeb	4020	62	911	
894	frnerongxoqpmwm	9838	894	927	
1601	qsrveccgtjwndqt	4623	1601	572	
1254	daysbpqzohenukg	2061	1254	972	
29	cgmpyubkbihylbn	9646	29	1859	
447	fikdrebcogjjxvv	6284	447	181	
1696	nidsuldxgzperep	5795	1696	1606	
1233	iijtnriviicjmoe	7052	1233	2170	
925	rzyoiqwdhgubkuh	8756	925	399	
1451	fzqhtqhxdprvgsf	4515	1451	334	
1535	stxysbbntnlmivp	4070	1535	174	
1061	yplcruhltpfsnla	1274	1061	1390	
197	vvvlttbhidcfmvu	6406	197	1613	
689	fcvuvpygnnvkffr	5052	689	1095	
1262	wqergluuypiqsly	6525	1262	1804	
208	areoutysdosisqb	4347	208	588	
839	bzewbopjfqtpcaa	2459	839	406	
479	wdorsjxhjrkedwi	3442	479	1712	
888	fzvlovstaigdaif	4161	888	328	
279	kaspbcdbcmrqowb	3340	279	1641	
334	nvbtdtjjsqeezel	6252	334	946	
523	glhrpmsycwobcow	2257	523	1420	
1658	xtgbpbrftejdacn	9353	1658	1651	
1689	ichqkybmsxarqdq	9709	1689	1131	
132	rxllqfunhahddwh	4811	132	1219	
254	lwlrcewxtuxpijv	9750	254	633	
1513	fxuqzfttgvmzlyc	1389	1513	2144	
1284	wopxgtlgtuwfjhc	4766	1284	1748	
1632	npcvvoeqzcikkbl	807	1632	2154	
574	gyxbwrhribiydhg	1529	574	1470	
111	wuekgagxckjawfw	7286	111	1570	
96	ypowrvwjuwzovqw	8668	96	146	
442	rbqffsaspwgtpss	2546	442	103	
584	waxmencyydxaoza	4646	584	726	
703	usvtopcpnbdnnok	2643	703	1287	
1485	xycypehyzgccueh	9403	1485	2095	
1673	ezgphgeijvvldob	9545	1673	1864	
339	tcudwhxpprcwzmr	3036	339	2014	
439	ervbzbzmoojpdzi	1161	439	1221	
1478	jnamoxdepszwyth	4579	1478	1889	
1092	gzjeaulwqbpwfgr	4844	1092	931	
92	ynkuiacrlvwbqpb	1120	92	655	
1095	ixzrytqzfieaucd	8709	1095	193	
1595	nyhjnnsrfsfzouc	8612	1595	552	
1382	mkfpqidibkrlaab	9626	1382	2083	
1232	uvsrftfyqraqegj	6438	1232	424	
1519	iftgkkovlgsavnt	1989	1519	1797	
887	sbsclqcholxjoyl	4483	887	668	
1606	vforavclpvqymjh	8398	1606	1713	
1192	qzuaurbvigcdyjh	2087	1192	316	
941	vozfxjhmjxnogyh	882	941	1645	
977	pqppitechbamknk	2644	977	88	
661	bacvpokfxsapzqq	6999	661	1584	
1076	jblzbixkbwmgltb	4952	1076	833	
1144	mrbilxbnvyidzkq	6342	1144	1061	
895	smqptzbyiitiiku	3495	895	407	
588	rjlklxpshwepado	849	588	2066	
744	oxjuiilgadnwevq	6613	744	1155	
1374	srkjznaqkgweuhw	35	1374	2233	
1286	yoxiqlnbhmlclyr	3098	1286	2386	
1252	hbtqaljpnbdsaeq	8435	1252	295	
669	ncfqqijtpavbhvl	3673	669	2127	
1269	estpyxgpdjdcuil	4782	1269	442	
1349	gqojpottdggmvgt	7913	1349	2399	
1479	fgfrozpewzoeycm	1072	1479	2008	
1520	khwemewwfnydgdg	7732	1520	1895	
826	bpfdknvhkighqvd	3540	826	86	
244	bzdwblyraegtdcj	4007	244	1521	
492	gidpvxbthinjajp	9327	492	616	
1158	iypisfvkoogyngg	3087	1158	346	
1395	nimssmcaeuarrpl	5258	1395	1338	
694	keteuvrsseiehgt	8795	694	1228	
946	lskjouloytyatig	3101	946	672	
1371	atymvkhfdnswxuw	8493	1371	1670	
1584	rzfjhvgfuyahvpt	2094	1584	1569	
100	kwzogpjwkbwxqfd	6586	100	1777	
11	rbzlpcoeqgxnqap	7517	11	2321	
1508	nmsycgwjwnmtenp	4512	1508	619	
1174	rzllzjqhhvtfxyz	3326	1174	279	
578	ayolftvhajehnft	1987	578	1468	
1459	hbhredeavdwiuwc	7265	1459	2424	
970	vpsrnfptqqiphkv	3668	970	1822	
1161	pnoocibhykadkau	531	1161	1126	
508	fxihorxdhcynonx	1592	508	2103	
1112	cufusbidlwcpnmr	9760	1112	1692	
1635	uruxflakcrnbqlv	6593	1635	1647	
1571	wxrykebipxcuwfw	3762	1571	2096	
186	xhquyqlmslpputh	9134	186	1876	
99	ipfmzwviyiigjcc	1338	99	170	
40	cfjussrtntcvebg	9250	40	1390	
10	mthjtchkjhtmeea	7897	10	2175	
1058	arwwkwjrvktffzn	6752	1058	1351	
1328	lnysyyxwiwxnxuq	6146	1328	882	
550	bqrjcbzuofmmlux	7412	550	514	
600	hyidtetqgkquurc	8709	600	711	
456	isuqnomjslkmwjk	6894	456	964	
1004	lasmmxvyahuycmt	45	1004	1405	
805	fslxwjfhgedvkeb	6986	805	1505	
1404	zhvgfbvhgctspdh	5986	1404	1829	
1326	htceuajzqnpigrw	3910	1326	2441	
1681	nbzuzdwisuiefrw	1584	1681	1398	
1660	oaqzaojpfnadxnh	8900	1660	2005	
296	dvowdygcoatomok	8971	296	346	
1562	cyiacnwrvgujeiy	2268	1562	1867	
423	mvcyppeagzbtkjb	5882	423	1913	
345	njprgewshwtmueb	2959	345	1031	
1603	bcucaervercnptz	2705	1603	2489	
1559	arxakipvltwyjgz	4592	1559	1898	
1237	mfiucnnbnwujigy	9815	1237	1349	
153	wncqaomyrxdosia	9254	153	335	
922	zcfpfkbmfrjmlgp	9913	922	998	
1617	utfadnlcfjlieqh	3531	1617	2073	
1301	fyhlvewzybepepz	6558	1301	182	
371	qqqhcrexuasoudk	9734	371	678	
49	kwnzhgndghanpkz	9162	49	294	
1642	fzirxpyyuihcicn	9568	1642	1917	
127	nemtqmueqwlcgjw	3168	127	854	
293	tdgufifbagfwych	7618	293	549	
785	hysjwnkajjqfxwj	5509	785	1780	
1084	gjbcboqngoxwnqm	4757	1084	1160	
1633	pgzycpmwkletqyk	6125	1633	423	
1117	qdioewapcnjfrwh	8917	1117	2035	
1179	ouperbhnzowgvjn	7920	1179	2449	
801	cqsfhpzppvxzgjh	1527	801	2225	
404	jytugzhzrkdflpf	9931	404	1896	
1608	mchzroirevchpze	7608	1608	2202	
969	dhcwhjavqfzqgly	4148	969	1143	
360	hjgquhzqbiqsnwq	379	360	2145	
844	dbsvhkiufhsclzc	9503	844	1718	
502	crvbqarnmhvummk	9793	502	1867	
1685	plczsrpnxpzddtb	8633	1685	2427	
1196	mtzoumddulfqjbt	206	1196	1435	
118	dsjwkwudvlovhxi	4606	118	1692	
1424	atonahivjgvhemv	2861	1424	1593	
1387	xnrafenzgdmlfey	170	1387	1765	
1036	qlisgxhdbxcoton	7120	1036	884	
784	onmohkqnphycowu	2375	784	592	
417	wvyfliuwbmmxkij	4492	417	733	
63	xmcthynvvibzqnj	1765	63	1627	
573	jqnaonhdpirkxph	1347	573	1624	
1060	npphamqwamcrsex	9474	1060	787	
1583	qfwfcchlyrmtqoy	3222	1583	2345	
843	sxowqwktzpizivv	2258	843	566	
1101	komyjnfumcghpiz	5677	1101	361	
682	sslzprfxmywzqux	2019	682	65	
1567	usklogsvofcsxdq	3765	1567	567	
914	ifnzlxjvbaosdtw	8720	914	85	
425	uswaqyvjbshscta	4883	425	2250	
1512	bbgpybxlwlftgyx	2097	1512	385	
854	jtjayackxayizcw	4577	854	284	
1375	llrbazpssdbfjrw	8044	1375	113	
1428	timpplvzpczscid	2467	1428	2230	
1102	fvjqbmuoonkruwe	5174	1102	910	
947	ezvdadkymfywdeg	8120	947	835	
829	unanetrrrhthblj	9293	829	1567	
1147	ufqbasyyznywiyy	5708	1147	2422	
739	dgefnzhvrafokdj	1168	739	1072	
788	ngnrbremfukyder	1493	788	1173	
568	adlueablimthcbh	6418	568	2435	
395	kvkkkmajkzawmpz	8176	395	2411	
968	ruexayfofdrexka	860	968	2154	
299	wqctlknrtfymzys	190	299	546	
436	lklxdfimqrbhsus	3262	436	1557	
389	pscijnozygqvojk	5682	389	2363	
1650	ktouxcjkpeayklp	2818	1650	655	
1294	aqmlqcdnpurgtuu	3612	1294	1865	
412	pfiplxkcwkqwhsn	9391	412	2066	
78	ayapahbutoyiani	4576	78	2457	
926	nafxneqhhhlhyoq	3472	926	590	
495	jfcowpdpcpsoqit	52	495	14	
645	vzaacvfcjkpphjj	4177	645	376	
1189	dvfcnmoiidjtmzb	532	1189	1495	
331	yezvnebvakseffx	7011	331	611	
300	upbphtyljkxuuyf	6285	300	1772	
206	irqcunyaiosembp	7057	206	1404	
1047	udqgilcjllyzaml	662	1047	1310	
1455	mblqtchcxkrhtma	2085	1455	1745	
1473	wshhjqypkrjyrim	4809	1473	1566	
1188	aenenlecyixgejq	3269	1188	1266	
213	tqbmrvszpltoabs	6589	213	1439	
867	jndlyodbehukftr	4486	867	223	
1511	cbxbzljfzsvuslh	7769	1511	168	
976	geqpoyvqbivzjmn	794	976	386	
54	pnzgplwmzlfzhzq	9216	54	337	
1388	ibxpacgsvksewnk	7796	1388	2210	
1199	liwvwttzlgwydzv	1230	1199	309	
604	cezkugmwsbcfdce	6370	604	2323	
101	zqklftqveltfpbj	693	101	459	
611	pffclvysncvclji	3784	611	1463	
1622	nzxbpwhipoupplg	4966	1622	559	
133	hywdwfsaipcwrjn	6745	133	1491	
1644	zryioshcxotekmh	3057	1644	2072	
126	nllxcihzyhkaiqo	3397	126	2029	
409	qqsntvywimfsfvx	4476	409	882	
638	vulkomzbcgnigny	213	638	1505	
1145	ofatzvkddxpluif	8641	1145	1162	
666	zxbgvhymdyztqnl	4328	666	746	
1475	rzsrefnvssgglzu	4818	1475	501	
1420	jrwpsawwtdsvdxr	1428	1420	1436	
893	gzutgdzufobjuxc	1010	893	1198	
1355	pfqrmjbhlhnryye	5940	1355	1478	
1182	lulfmelqqjmaxfs	4985	1182	2379	
1062	vmfgucjywivjkqw	4471	1062	1561	
1029	rrdhedadbrhbamr	1561	1029	442	
7	upeledduqqaulxz	8213	7	70	
55	cltkjcoizldaltn	6750	55	396	
290	yutzumojkkolvuk	1090	290	663	
930	aqisvbipgntszyd	3045	930	1416	
1113	bcyybtpoxplplxa	4259	1113	26	
656	urtewjenxuwnnbh	6758	656	1765	
51	xytbjtvbmzphbya	8590	51	1870	
1287	xyrrgovwgyvpusl	724	1287	30	
1376	ackugetryryvrkz	1385	1376	1543	
1009	yyqrqqhpliumnxx	3687	1009	1648	
1553	cimgeufzinoyebi	6438	1553	1511	
687	xlndnstnhrkalcy	1355	687	131	
1621	gtjmbcdkdfyunia	1031	1621	818	
1470	hmqsttvzuzivvol	2756	1470	725	
935	dkusfbdtczybrzv	7157	935	2202	
1109	xipowrgrufyohjv	7101	1109	2026	
397	fyzipiihbtqeexj	3743	397	35	
1040	oaigmttlpajbihr	4903	1040	947	
347	bbnbqvvhahqxppb	8996	347	1984	
1641	hqjoqeyoqdfmtyh	9	1641	1507	
793	qsmcfcpupcoiund	2300	793	306	
1690	mwtsxnlfzeqxcsv	2953	1690	2031	
731	lelmheljtlnfwqc	9267	731	663	
418	tdctgccwvkaartu	5238	418	630	
634	zwtgzkuzzhqqxwo	4298	634	2148	
713	qcmlbqbuucuehwq	5627	713	2179	
301	dhkbmmvnbwysros	5538	301	92	
790	ogwxwtwviaivmzg	7375	790	1234	
1166	qzihujbawzpncjf	1056	1166	1036	
1245	pxmaqeqxpnmmziv	6018	1245	2026	
460	jayzdnjwmmdsygd	9366	460	481	
341	cbvsssvjiwvywgu	8846	341	1729	
1224	athylreyqkiikcf	9437	1224	1152	
776	howdvhnggobbqrm	5472	776	1691	
1217	qifmwkegshkhzjc	4310	1217	557	
406	xncopgpdibczxpf	1342	406	705	
747	gsmwxfkoaqcqiuz	2355	747	241	
217	kfnksomnoilluxh	1818	217	2200	
486	lzkvkyefxgvuizp	6964	486	392	
693	uucjpiyarehjyid	5695	693	1886	
1434	yytuuczewfmdtxd	7747	1434	238	
57	vzkmzhuvbsqovbc	9197	57	1869	
1222	olgisnaurdyxfge	3401	1222	1220	
1122	adachnecxcsopne	4263	1122	714	
631	fqvuceikagvpzjd	8649	631	1405	
1308	opbqktmuveedshd	8223	1308	971	
1643	gumnmdioezddriq	7620	1643	616	
1064	wiajmajjstawvem	9596	1064	85	
688	bvytcbenrkjocpx	4236	688	1334	
312	tcyeepkfwqhulud	3031	312	1034	
1372	oymbrkdcnagzqmh	5265	1372	784	
1257	yxdeieokjbjmjxa	5246	1257	1444	
1445	mgvqplksbcpmrge	8792	1445	2188	
108	rvvldbrwsurqkzo	7176	108	1304	
545	njzyqwaxanfeepp	2386	545	44	
1593	lkgttlmkxuckyvh	8784	1593	1067	
884	wbyqwgugcsbvcih	8865	884	1908	
1619	nfuqwqynrslswki	5624	1619	141	
681	mitcxiyuzkjapef	3377	681	715	
1016	rnotgldtzfrtoep	6954	1016	2008	
1697	grdcfgeiigdosfo	9329	1697	61	
1214	wjizxaogcrisczi	3554	1214	252	
471	sdtgrxbiyqoetph	8261	471	918	
818	kaftmbewldsyvpl	2831	818	932	
700	tvxdidyecyvgaua	4510	700	485	
342	dlgecxdumlrwpbu	1085	342	428	
52	jirmxfscqmnelee	5693	52	1640	
751	azhzpqutexvggqt	838	751	1910	
1035	qbfjnbckebrcnqv	7549	1035	1789	
886	qoehbsiwaafqhdu	879	886	1648	
1023	polhleexfvecwvq	6353	1023	178	
1206	nlyjqxlpeuixanu	1557	1206	719	
1358	qxwnehobtzdcdfu	3238	1358	525	
156	snvugfjlniigafn	311	156	817	
1099	mvuigstsiiqbtzy	5759	1099	1175	
583	zeempjfsfkjebtx	796	583	1733	
1329	lybzmydmfrvjsqv	5592	1329	1201	
1487	sdfcxyhmkwurwou	4428	1487	2354	
1464	qorsatumxchcnly	2904	1464	1711	
391	xfiwhcyyidoaxzf	3019	391	678	
393	bkzwdkpadpjsieu	9793	393	1029	
1548	jqsxmmfrndfmmmv	3062	1548	784	
1492	geysxxcfzwkvotm	7425	1492	312	
1572	mmazudayuoggrrm	4827	1572	650	
1135	pmdtuhnicowkzgz	4974	1135	1190	
1574	xfggrzqtvfjflma	3724	1574	470	
924	whissatzcrootui	1710	924	839	
1524	ysnonetwylxkjms	1200	1524	547	
1612	jzptkwfkmlkbxur	7120	1612	1188	
359	gxtdyhsgoyvzhca	5738	359	1661	
565	ekqvksliabjwahz	1461	565	239	
237	rsxdutkoeuwyuct	8512	237	1586	
1204	vthbyawjmbelktv	4559	1204	2463	
992	skawyftsssbvsoi	4387	992	1388	
528	chmhozhccatwmxm	8883	528	1547	
1480	cjlceoxqargimqu	1366	1480	361	
333	jxunvbzaigwfnnn	7440	333	1326	
450	nwaayjtoluwxeqo	819	450	258	
1440	odnotexxhyqntqf	4352	1440	79	
1456	chgzgvbffqlxydf	6432	1456	1402	
1551	vvnodrbjfuguknn	2466	1551	1050	
835	wmxmobynvicmbwp	6149	835	1777	
80	unemuzmfqtdzgrx	1482	80	2195	
275	lixzusjycvyoitn	8381	275	1530	
323	uruntbidaggpmze	767	323	57	
605	bcjddbmlazcjesc	5967	605	1997	
34	dkhlxbkvhfntzgx	1771	34	1212	
373	cvabauayeocphzb	1268	373	614	
1554	buzmomecnilfrtm	2764	1554	1507	
1383	jxvqgoygtwvhdvc	1470	1383	1764	
1296	pdqvwveruszxpcu	775	1296	1918	
1218	htldtbcmwmqkudk	3926	1218	2449	
1474	riwhauvxewofzct	2113	1474	471	
369	smzpqhbsvocozxd	334	369	578	
1628	hbwzxtzdzsspafr	9480	1628	284	
1285	fmzedvjgqaqxnpr	1066	1285	912	
1032	hvopfzmypgccwur	616	1032	1028	
1071	ciqdjzdrsmsgbve	6567	1071	739	
723	ysbdepqtzmuxtlf	7038	723	767	
214	fbmbgddqdvctowi	7297	214	2118	
999	moefpofywbouxhd	6651	999	295	
649	rieqanwzwfiftqz	5004	649	409	
83	pzbkbbyqygzsntc	674	83	2269	
278	ulpeguyajwsapxk	6914	278	186	
230	rlenpqhgtcdwieq	4493	230	666	
1015	rayzfuebefvcbya	1192	1015	638	
944	ofomjajizmhsyog	1495	944	1526	
1228	zmmiwxjpslodxbw	6646	1228	1098	
354	ynwbbsmxxtlcdqy	573	354	2079	
856	dbzuamvmxkibvko	6679	856	1965	
192	kqxxsazkuhfggnz	7433	192	1297	
1350	kwnvqdyqvqixmhm	8955	1350	695	
535	nyanlzmfexfcmnr	4657	535	2150	
375	fhzqalptthschfi	2401	375	1237	
1507	yhbaaizlxpiiisr	7739	1507	1815	
842	kxzabuestygbkxb	6226	842	978	
50	scljrrcchlprxhk	4841	50	470	
304	hwujmrpuvtivhmr	9207	304	1499	
1638	ivcbxtkgpwxcykd	6119	1638	1704	
1575	dhkvgpqjrwgsxol	8415	1575	1463	
170	kpszznpzsytlvdo	7810	170	1793	
487	cmuuodrwtvusdxc	721	487	55	
740	uduzrmpywlbkfzj	7648	740	1322	
1672	kbpsczxajwvqbfb	3032	1672	990	
1686	hjjexmqnmvxsvuy	1255	1686	587	
1162	bidhzmdxmrwubch	8814	1162	963	
1345	ykcgcnmzqkipxsm	3170	1345	911	
632	jvwlnxtwauyigmr	9204	632	910	
526	thsnbkrgplojvmn	6841	526	52	
803	uxlvresltvlhnqu	4549	803	1458	
591	mqujtgalgnypdcw	6939	591	577	
1048	irjachaapcfnlkf	4712	1048	1052	
846	tfonluomhkwyczl	1037	846	2149	
1460	botjwdapjqjdwrg	1628	1460	2330	
71	mfzndogymaqbufu	3262	71	761	
1377	piqaqlnplcwdivn	1536	1377	2249	
70	phmhgdrnbhpetim	2363	70	1794	
17	kpkyduhhaygolwu	8582	17	1260	
33	uodjqlhotfkfntl	6793	33	1149	
1533	rosyjtxdsxdfzpc	9602	1533	206	
929	nchrrhqcmbhqnjy	8211	929	1986	
1318	qqrmukouegofcix	2934	1318	276	
534	ubhzvhenunflldp	1293	534	84	
1614	rmvyjtdjndlspei	1537	1614	2459	
1156	vcazreqggynfrxk	5649	1156	60	
1340	cucwvavnljyibxo	2875	1340	1757	
701	dsuyzelwcsoohgo	8722	701	383	
462	vmztixlljackjtu	1391	462	1481	
812	bmalsexholczzhe	8196	812	2405	
772	ihrmzlaatyegfpb	6616	772	354	
1024	lgincppbsjyepsx	6058	1024	325	
777	sgztopffmctmjhe	6925	777	582	
1157	iwcfvtpdzkfogzf	5056	1157	1641	
1319	vzmdvmwfzfipqml	2221	1319	1472	
954	tiijeszwmqibmqi	835	954	1747	
1168	cipyelhghjyciuo	3801	1168	1581	
646	iygohqraatdjmli	4755	646	2271	
346	bkoazydlgsfjbli	3893	346	1540	
1563	xzcmutgxeiqdtdg	6562	1563	1903	
363	vnoraqmkmistbma	4919	363	100	
1258	jgebecsgbxfjmlz	3430	1258	276	
1320	ppmetelmxlgdxmp	6156	1320	391	
787	sinqrvvysgfwgvp	2670	787	49	
524	wyrccazpzvkhkvt	1407	524	2053	
310	yumysfzzbuklljq	5576	310	2224	
1695	gosbtqfvspnnoph	4337	1695	1312	
1675	lspfpceiyqzwkwk	9437	1675	1613	
1599	hdpwoafazamusmu	9964	1599	2028	
426	gylvduhqedfnkkh	4106	426	1753	
1649	uainynrlxsdihdp	8526	1649	1700	
857	aiutbaexbyqpxam	199	857	2011	
1235	hxxesqjyobvvwti	3475	1235	1526	
1079	ctvythgofcbfjkr	770	1079	1964	
633	ctqbvajijdypilx	1633	633	2387	
1442	rgsvznrlhiqafce	4991	1442	1993	
1298	afmaekqxnhezydn	3987	1298	1667	
1494	ecvqkhrkjhipwrr	5321	1494	814	
262	peiouxekbzvprlg	9424	262	772	
1083	anzkhnjjsqarbhd	7767	1083	1217	
642	rqqllbmimcsckfb	7751	642	1962	
337	esykqcbpljjooft	2521	337	393	
1283	djcwnqkbbwotclk	8134	1283	2486	
24	ayokknxkxngaira	9860	24	734	
525	aqftlcbqrmimvbn	1422	525	942	
1045	pwvpifwcdryrbbx	3884	1045	496	
1031	ldmdvxbzexkkpye	5801	1031	1477	
802	vunmnifghuedjzl	5819	802	1037	
1181	aeewguwbkmyvyve	1684	1181	1292	
1132	jcmcylbfobnmyjj	9514	1132	384	
1550	imoxiriebmrrwpx	7777	1550	1031	
833	uusdebwsoqmtzsa	9564	833	1292	
73	twiwamwuggdyulb	7489	73	1199	
1477	dngrgcuszjxcfgj	2065	1477	454	
1568	drvjkxqoyqocrng	6998	1568	1013	
434	xyvatbhqpemvudg	1365	434	682	
585	vvyxpdpmyhcpvrs	1866	585	1827	
392	ccwgoabbpuepfyh	3305	392	830	
1173	mbpmmdbmdrpcott	3306	1173	1720	
422	gmvcxnrhemrahhk	5459	422	1018	
1091	yhjvxauwbhysnrb	6069	1091	1737	
1242	zrlcfmhinrdujrj	7295	1242	448	
1208	crflwydkcxlkqch	9264	1208	575	
984	wtozhqhkqguqgax	9171	984	2212	
1178	ygzjwbxuahonjsm	9489	1178	1402	
142	lrpmznryhedtmvr	8206	142	213	
1450	vrpbbiafbqfbwdw	7638	1450	2330	
736	gnnfjxnussasnat	5599	736	932	
1620	fsmblvtkjzaaksx	5098	1620	1548	
137	moitckgymnatghu	7149	137	1722	
480	tynhfeoxckswhbu	16	480	1367	
640	eddpxvdxzjpwgnw	8532	640	2039	
453	xrddvdqffqwzzyx	6708	453	1856	
1134	ohmqhyteippyrba	7442	1134	787	
781	cvcxajvjlxsghef	4463	781	1157	
242	nctcnznhwmzasey	1551	242	1284	
831	lsbypccudhsajzy	8136	831	981	
1655	gliwqyslxbpocat	3182	1655	931	
31	vmnabrwvcrzkidx	3384	31	2298	
729	cpuheozxafobxvz	6697	729	351	
518	otxoejpzjgujdfw	5258	518	1475	
200	hhrrcgtrcxuoayv	9215	200	563	
274	tgsuencrvrrjrdn	6012	274	1168	
1466	msxyyehayuddwhb	3379	1466	2316	
1270	vmwftfjkuiruhjq	3004	1270	789	
